This is pdfTeX, Version 3.14159265-2.6-1.40.21 (TeX Live 2020/W32TeX) (preloaded format=pdflatex 2020.6.9)  1 JUL 2020 22:24
entering extended mode
 restricted \write18 enabled.
 file:line:error style messages enabled.
 %&-line parsing enabled.
**"d:/Documents and projects/Latex/IPM/ipm.tex"
(d:/Documents and projects/Latex/IPM/ipm.tex
LaTeX2e <2020-02-02> patch level 5
L3 programming layer <2020-06-03> (c:/texlive/2020/texmf-dist/tex/latex/base/article.cls
Document Class: article 2019/12/20 v1.4l Standard LaTeX document class
(c:/texlive/2020/texmf-dist/tex/latex/base/size11.clo
File: size11.clo 2019/12/20 v1.4l Standard LaTeX file (size option)
)
\c@part=\count167
\c@section=\count168
\c@subsection=\count169
\c@subsubsection=\count170
\c@paragraph=\count171
\c@subparagraph=\count172
\c@figure=\count173
\c@table=\count174
\abovecaptionskip=\skip47
\belowcaptionskip=\skip48
\bibindent=\dimen134
) (c:/texlive/2020/texmf-dist/tex/latex/mathtools/mathtools.sty
Package: mathtools 2020/03/24 v1.24 mathematical typesetting tools
 (c:/texlive/2020/texmf-dist/tex/latex/graphics/keyval.sty
Package: keyval 2014/10/28 v1.15 key=value parser (DPC)
\KV@toks@=\toks15
) (c:/texlive/2020/texmf-dist/tex/latex/tools/calc.sty
Package: calc 2017/05/25 v4.3 Infix arithmetic (KKT,FJ)
\calc@Acount=\count175
\calc@Bcount=\count176
\calc@Adimen=\dimen135
\calc@Bdimen=\dimen136
\calc@Askip=\skip49
\calc@Bskip=\skip50
LaTeX Info: Redefining \setlength on input line 80.
LaTeX Info: Redefining \addtolength on input line 81.
\calc@Ccount=\count177
\calc@Cskip=\skip51
) (c:/texlive/2020/texmf-dist/tex/latex/mathtools/mhsetup.sty
Package: mhsetup 2017/03/31 v1.3 programming setup (MH)
) (c:/texlive/2020/texmf-dist/tex/latex/amsmath/amsmath.sty
Package: amsmath 2020/01/20 v2.17e AMS math features
\@mathmargin=\skip52

For additional information on amsmath, use the `?' option.
(c:/texlive/2020/texmf-dist/tex/latex/amsmath/amstext.sty
Package: amstext 2000/06/29 v2.01 AMS text
 (c:/texlive/2020/texmf-dist/tex/latex/amsmath/amsgen.sty
File: amsgen.sty 1999/11/30 v2.0 generic functions
\@emptytoks=\toks16
\ex@=\dimen137
)) (c:/texlive/2020/texmf-dist/tex/latex/amsmath/amsbsy.sty
Package: amsbsy 1999/11/29 v1.2d Bold Symbols
\pmbraise@=\dimen138
) (c:/texlive/2020/texmf-dist/tex/latex/amsmath/amsopn.sty
Package: amsopn 2016/03/08 v2.02 operator names
)
\inf@bad=\count178
LaTeX Info: Redefining \frac on input line 227.
\uproot@=\count179
\leftroot@=\count180
LaTeX Info: Redefining \overline on input line 389.
\classnum@=\count181
\DOTSCASE@=\count182
LaTeX Info: Redefining \ldots on input line 486.
LaTeX Info: Redefining \dots on input line 489.
LaTeX Info: Redefining \cdots on input line 610.
\Mathstrutbox@=\box45
\strutbox@=\box46
\big@size=\dimen139
LaTeX Font Info:    Redeclaring font encoding OML on input line 733.
LaTeX Font Info:    Redeclaring font encoding OMS on input line 734.
\macc@depth=\count183
\c@MaxMatrixCols=\count184
\dotsspace@=\muskip16
\c@parentequation=\count185
\dspbrk@lvl=\count186
\tag@help=\toks17
\row@=\count187
\column@=\count188
\maxfields@=\count189
\andhelp@=\toks18
\eqnshift@=\dimen140
\alignsep@=\dimen141
\tagshift@=\dimen142
\tagwidth@=\dimen143
\totwidth@=\dimen144
\lineht@=\dimen145
\@envbody=\toks19
\multlinegap=\skip53
\multlinetaggap=\skip54
\mathdisplay@stack=\toks20
LaTeX Info: Redefining \[ on input line 2859.
LaTeX Info: Redefining \] on input line 2860.
)
LaTeX Info: Thecontrolsequence`\('isalreadyrobust on input line 130.
LaTeX Info: Thecontrolsequence`\)'isalreadyrobust on input line 130.
LaTeX Info: Thecontrolsequence`\['isalreadyrobust on input line 130.
LaTeX Info: Thecontrolsequence`\]'isalreadyrobust on input line 130.
\g_MT_multlinerow_int=\count190
\l_MT_multwidth_dim=\dimen146
\origjot=\skip55
\l_MT_shortvdotswithinadjustabove_dim=\dimen147
\l_MT_shortvdotswithinadjustbelow_dim=\dimen148
\l_MT_above_intertext_sep=\dimen149
\l_MT_below_intertext_sep=\dimen150
\l_MT_above_shortintertext_sep=\dimen151
\l_MT_below_shortintertext_sep=\dimen152
\xmathstrut@box=\box47
\xmathstrut@dim=\dimen153
) (c:/texlive/2020/texmf-dist/tex/latex/caption/caption.sty
Package: caption 2020/05/10 v3.4j Customizing captions (AR)
 (c:/texlive/2020/texmf-dist/tex/latex/caption/caption3.sty
Package: caption3 2020/05/10 v1.11 caption3 kernel (AR)
Package caption3 Info: TeX engine: e-TeX on input line 61.
\captionmargin=\dimen154
\captionmargin@=\dimen155
\captionwidth=\dimen156
\caption@tempdima=\dimen157
\caption@indent=\dimen158
\caption@parindent=\dimen159
\caption@hangindent=\dimen160
Package caption Info: Standard document class detected.
)
\c@caption@flags=\count191
\c@continuedfloat=\count192
) (c:/texlive/2020/texmf-dist/tex/latex/float/float.sty
Package: float 2001/11/08 v1.3d Float enhancements (AL)
\c@float@type=\count193
\float@exts=\toks21
\float@box=\box48
\@float@everytoks=\toks22
\@floatcapt=\box49
) (c:/texlive/2020/texmf-dist/tex/generic/babel/babel.sty
Package: babel 2020/05/13 3.44 The Babel package
 (c:/texlive/2020/texmf-dist/tex/generic/babel/babel.def
File: babel.def 2020/05/13 3.44 Babel common definitions
\babel@savecnt=\count194
\U@D=\dimen161
\l@babelnohyphens=\language86
 (c:/texlive/2020/texmf-dist/tex/generic/babel/txtbabel.def)
\bbl@readstream=\read2
)
\bbl@dirlevel=\count195
 (c:/texlive/2020/texmf-dist/tex/generic/babel-slovenian/slovene.ldf
Language: slovene 2005/03/31 v1.2m Slovene support from the babel system
Package babel Info: Making " an active character on input line 79.
)) (c:/texlive/2020/texmf-dist/tex/latex/amsfonts/amssymb.sty
Package: amssymb 2013/01/14 v3.01 AMS font symbols
 (c:/texlive/2020/texmf-dist/tex/latex/amsfonts/amsfonts.sty
Package: amsfonts 2013/01/14 v3.01 Basic AMSFonts support
\symAMSa=\mathgroup4
\symAMSb=\mathgroup5
LaTeX Font Info:    Redeclaring math symbol \hbar on input line 98.
LaTeX Font Info:    Overwriting math alphabet `\mathfrak' in version `bold'
(Font)                  U/euf/m/n --> U/euf/b/n on input line 106.
)) (c:/texlive/2020/texmf-dist/tex/latex/amscls/amsthm.sty
Package: amsthm 2020/05/29 v2.20.6
\thm@style=\toks23
\thm@bodyfont=\toks24
\thm@headfont=\toks25
\thm@notefont=\toks26
\thm@headpunct=\toks27
\thm@preskip=\skip56
\thm@postskip=\skip57
\thm@headsep=\skip58
\dth@everypar=\toks28
) (c:/texlive/2020/texmf-dist/tex/latex/enumitem/enumitem.sty
Package: enumitem 2019/06/20 v3.9 Customized lists
\labelindent=\skip59
\enit@outerparindent=\dimen162
\enit@toks=\toks29
\enit@inbox=\box50
\enit@count@id=\count196
\enitdp@description=\count197
) (c:/texlive/2020/texmf-dist/tex/latex/jknapltx/mathrsfs.sty
Package: mathrsfs 1996/01/01 Math RSFS package v1.0 (jk)
\symrsfs=\mathgroup6
) (c:/texlive/2020/texmf-dist/tex/latex/l3backend/l3backend-pdfmode.def
File: l3backend-pdfmode.def 2020-06-03 L3 backend support: PDF mode
\l__kernel_color_stack_int=\count198
\l__pdf_internal_box=\box51
) (d:/Documents and projects/Latex/IPM/ipm.aux)
\openout1 = `ipm.aux'.

LaTeX Font Info:    Checking defaults for OML/cmm/m/it on input line 15.
LaTeX Font Info:    ... okay on input line 15.
LaTeX Font Info:    Checking defaults for OMS/cmsy/m/n on input line 15.
LaTeX Font Info:    ... okay on input line 15.
LaTeX Font Info:    Checking defaults for OT1/cmr/m/n on input line 15.
LaTeX Font Info:    ... okay on input line 15.
LaTeX Font Info:    Checking defaults for T1/cmr/m/n on input line 15.
LaTeX Font Info:    ... okay on input line 15.
LaTeX Font Info:    Checking defaults for TS1/cmr/m/n on input line 15.
LaTeX Font Info:    ... okay on input line 15.
LaTeX Font Info:    Checking defaults for OMX/cmex/m/n on input line 15.
LaTeX Font Info:    ... okay on input line 15.
LaTeX Font Info:    Checking defaults for U/cmr/m/n on input line 15.
LaTeX Font Info:    ... okay on input line 15.
 (c:/texlive/2020/texmf-dist/tex/latex/graphics/graphicx.sty
Package: graphicx 2019/11/30 v1.2a Enhanced LaTeX Graphics (DPC,SPQR)
 (c:/texlive/2020/texmf-dist/tex/latex/graphics/graphics.sty
Package: graphics 2019/11/30 v1.4a Standard LaTeX Graphics (DPC,SPQR)
 (c:/texlive/2020/texmf-dist/tex/latex/graphics/trig.sty
Package: trig 2016/01/03 v1.10 sin cos tan (DPC)
) (c:/texlive/2020/texmf-dist/tex/latex/graphics-cfg/graphics.cfg
File: graphics.cfg 2016/06/04 v1.11 sample graphics configuration
)
Package graphics Info: Driver file: pdftex.def on input line 105.
 (c:/texlive/2020/texmf-dist/tex/latex/graphics-def/pdftex.def
File: pdftex.def 2018/01/08 v1.0l Graphics/color driver for pdftex
 (c:/texlive/2020/texmf-dist/tex/context/base/mkii/supp-pdf.mkii
[Loading MPS to PDF converter (version 2006.09.02).]
\scratchcounter=\count199
\scratchdimen=\dimen163
\scratchbox=\box52
\nofMPsegments=\count266
\nofMParguments=\count267
\everyMPshowfont=\toks30
\MPscratchCnt=\count268
\MPscratchDim=\dimen164
\MPnumerator=\count269
\makeMPintoPDFobject=\count270
\everyMPtoPDFconversion=\toks31
))) (c:/texlive/2020/texmf-dist/tex/latex/epstopdf-pkg/epstopdf-base.sty
Package: epstopdf-base 2020-01-24 v2.11 Base part for package epstopdf
Package epstopdf-base Info: Redefining graphics rule for `.eps' on input line 485.
 (c:/texlive/2020/texmf-dist/tex/latex/latexconfig/epstopdf-sys.cfg
File: epstopdf-sys.cfg 2010/07/13 v1.3 Configuration of (r)epstopdf for TeX Live
))
\Gin@req@height=\dimen165
\Gin@req@width=\dimen166
)
Package caption Info: Begin \AtBeginDocument code.
Package caption Info: float package is loaded.
Package caption Info: End \AtBeginDocument code.
\c@theorem=\count271
LaTeX Font Info:    Trying to load font information for U+msa on input line 29.
 (c:/texlive/2020/texmf-dist/tex/latex/amsfonts/umsa.fd
File: umsa.fd 2013/01/14 v3.01 AMS symbols A
)
LaTeX Font Info:    Trying to load font information for U+msb on input line 29.
 (c:/texlive/2020/texmf-dist/tex/latex/amsfonts/umsb.fd
File: umsb.fd 2013/01/14 v3.01 AMS symbols B
)
LaTeX Font Info:    Trying to load font information for U+rsfs on input line 29.
 (c:/texlive/2020/texmf-dist/tex/latex/jknapltx/ursfs.fd
File: ursfs.fd 1998/03/24 rsfs font definition file (jk)
)
Overfull \hbox (42.0835pt too wide) in paragraph at lines 29--29
 [][] 
 []


Overfull \hbox (3.76498pt too wide) in paragraph at lines 34--35
\OT1/cmr/bx/n/10.95 Definicija 1.0.1 \OT1/cmr/m/n/10.95 (Ko-lo-bar)\OT1/cmr/bx/n/10.95 . \OT1/cmr/m/it/10.95 Ko-lo-bar je mno^^Tzica, ka-teri smo pri-re-dili no-tra-nji
 []


Overfull \hbox (17.63522pt too wide) in paragraph at lines 34--35
\OT1/cmr/m/it/10.95 ope-ra-ciji se^^Tstevanja in mno^^Tzenja, ki za-do-stu-jeta spo-dnjim kri-te-ri-jem. Ek-s-pli-ci-tno
 []


Overfull \hbox (10.44215pt too wide) in paragraph at lines 48--49
[][]\OT1/cmr/m/n/10.95 Ce ima mno^^Tzenje kak^^Tsno do-da-tno la-stnost, to la-stnost obi^^Tcajno iz-po-sta-vimo 
 []


Overfull \hbox (10.87093pt too wide) in paragraph at lines 58--59
\OT1/cmr/m/n/10.95 ob-stoj enote, zato bomo v na-da-lje-va-nju pri-vzeli, da z iz-ra-zom "ko-lo-bar"mislimo
 []

[1

{c:/texlive/2020/texmf-dist/fonts/map/pdftex/updmap/pdftex.map}] [2] [3] [4]
Overfull \hbox (9.80482pt too wide) in paragraph at lines 252--258
\OT1/cmr/bx/n/10.95 Zgled 1.1.19. $\OML/cmm/m/it/10.95 a \OMS/cmsy/m/n/10.95 7! []$ $[]$ \OT1/cmr/m/it/10.95 ho-mo-mor-fi-zem $\U/msb/m/n/10.95 R \OMS/cmsy/m/n/10.95 ! \OML/cmm/m/it/10.95 M[]\OT1/cmr/m/n/10.95 (\U/msb/m/n/10.95 R\OT1/cmr/m/n/10.95 )$ \OT1/cmr/m/it/10.95 (ohra-nja se^^Tstevanje,
 []

[5] [6] [7] [8] [9] [10]
Overfull \hbox (8.1331pt too wide) in paragraph at lines 628--629
[]\OT1/cmr/m/n/10.95 Za ne-skon^^Tcne raz^^Tsiritve je o^^Tcitno, zato se ome-jimo na kon^^Tcne raz^^Tsiritve. 
 []


Overfull \hbox (1.39822pt too wide) in paragraph at lines 634--635
[]\OT1/cmr/m/n/10.95 Poka^^Tzimo tudi li-ne-arno ne-od-vi-snost baze. Re-cimo, da je li-ne-arno od-vi-sna.
 []


Overfull \hbox (8.36101pt too wide) in paragraph at lines 655--656
[]\OT1/cmr/m/n/10.95 Kolobar lahko raz^^Tsirimo z ve^^Tc ele-menti $\OML/cmm/m/it/10.95 a[]; a[]; ::$ \OT1/cmr/m/n/10.95 na-en-krat. Tak^^Tsne raz^^Tsiritve
 []

[11]
Overfull \hbox (1.36363pt too wide) in paragraph at lines 658--659
\OT1/cmr/bx/n/10.95 Definicija 1.2.5 \OT1/cmr/m/n/10.95 (Eno-stavna raz^^Tsiritev)\OT1/cmr/bx/n/10.95 . \OT1/cmr/m/it/10.95 Raz^^Tsiritev ob-sega $\OML/cmm/m/it/10.95 K$ \OT1/cmr/m/it/10.95 je \OT1/cmr/bx/it/10.95 eno-stavna\OT1/cmr/m/it/10.95 ,
 []


Overfull \hbox (11.56268pt too wide) in paragraph at lines 678--679
\OT1/cmr/bx/n/10.95 Definicija 1.2.7 \OT1/cmr/m/n/10.95 (Tran-scen-den-tna raz^^Tsiritev)\OT1/cmr/bx/n/10.95 . \OT1/cmr/m/it/10.95 Naj bo $\OML/cmm/m/it/10.95 F$ \OT1/cmr/m/it/10.95 raz^^Tsiritev nad ob-se-gom
 []


Overfull \hbox (10.7132pt too wide) in paragraph at lines 682--683
\OT1/cmr/bx/n/10.95 Opomba. \OT1/cmr/m/it/10.95 Za dano ^^Tstevilo je obi^^Tcajno zelo te^^Tzko do-ka-zati, da je tran-scen-den-tna
 []


Overfull \hbox (28.12863pt too wide) in paragraph at lines 682--683
\OT1/cmr/m/it/10.95 nad $\U/msb/m/n/10.95 Q$\OT1/cmr/m/it/10.95 . Na pri-mer, tran-scen-den-tnost $\OML/cmm/m/it/10.95 e$ \OT1/cmr/m/it/10.95 je bila do-ka-zana leta 1873, tran-scen-den-tnost
 []


Overfull \hbox (3.16982pt too wide) in paragraph at lines 706--707
[]\OT1/cmr/m/n/10.95 Pokazati mo-ramo, da je $\OML/cmm/m/it/10.95 g[]$ \OT1/cmr/m/n/10.95 ne-raz-ce-pen. []Ce bi ve-ljalo $\OML/cmm/m/it/10.95 g[]\OT1/cmr/m/n/10.95 (\OML/cmm/m/it/10.95 x\OT1/cmr/m/n/10.95 ) = \OML/cmm/m/it/10.95 p\OT1/cmr/m/n/10.95 (\OML/cmm/m/it/10.95 x\OT1/cmr/m/n/10.95 )\OML/cmm/m/it/10.95 q\OT1/cmr/m/n/10.95 (\OML/cmm/m/it/10.95 x\OT1/cmr/m/n/10.95 )$
 []

[12]
Overfull \hbox (13.62375pt too wide) in paragraph at lines 721--722
[]\OT1/cmr/m/it/10.95 Obstaja na-tanko dolo^^Tcen moni^^Tcni po-li-nom $\OML/cmm/m/it/10.95 g[] \OMS/cmsy/m/n/10.95 2 \OML/cmm/m/it/10.95 K\OT1/cmr/m/n/10.95 [\OML/cmm/m/it/10.95 x\OT1/cmr/m/n/10.95 ]$\OT1/cmr/m/it/10.95 , ki deli vse po-li-nome,
 []

[13] [14] [15]
Overfull \hbox (6.2045pt too wide) in paragraph at lines 811--811
[]\OT1/cmr/bx/n/14.4 Topologija: zve-znost, kom-pak-tnost in po-ve-za-nost 
 []


Overfull \hbox (22.82346pt too wide) in paragraph at lines 814--815
\OT1/cmr/bx/n/10.95 Definicija 2.0.1 \OT1/cmr/m/n/10.95 (To-polo^^Tska struk-tura)\OT1/cmr/bx/n/10.95 . \OT1/cmr/m/it/10.95 Naj bo $\OML/cmm/m/it/10.95 X$ \OT1/cmr/m/it/10.95 po-ljubna mno^^Tzica. \OT1/cmr/bx/it/10.95 To-polo^^Tska
 []


Overfull \hbox (6.15993pt too wide) in paragraph at lines 840--841
$\OT1/cmr/m/n/10.95 (\OML/cmm/m/it/10.95 X; d\OT1/cmr/m/n/10.95 )$ \OT1/cmr/m/it/10.95 je me-tri^^Tcni pro-stor. V me-tri^^Tcnih pro-sto-rih de-fi-ni-ramo kro-gle $\OML/cmm/m/it/10.95 K\OT1/cmr/m/n/10.95 (\OML/cmm/m/it/10.95 x[]; r\OT1/cmr/m/n/10.95 ) =
 []


Overfull \hbox (2.60931pt too wide) in paragraph at lines 844--845
\OT1/cmr/m/it/10.95 (po-se-bej sin-gle-toni) od-prte. Pra-vimo ji \OT1/cmr/bx/it/10.95 dis-kre-tna to-po-lo-gija\OT1/cmr/m/it/10.95 . Npr. obi^^Tcajna
 []

[16]
Overfull \hbox (13.33682pt too wide) in paragraph at lines 909--910
[]\OT1/cmr/m/n/10.95 Pri do-kazu $(3)$ $\OMS/cmsy/m/n/10.95 ([])$ $\OT1/cmr/m/n/10.95 (4)$ bomo upo-ra-bili zvezi $\OML/cmm/m/it/10.95 f[]\OT1/cmr/m/n/10.95 (\OML/cmm/m/it/10.95 f\OT1/cmr/m/n/10.95 (\OML/cmm/m/it/10.95 A\OT1/cmr/m/n/10.95 )) \OMS/cmsy/m/n/10.95 ^^S \OML/cmm/m/it/10.95 A$ \OT1/cmr/m/n/10.95 in $\OML/cmm/m/it/10.95 f\OT1/cmr/m/n/10.95 (\OML/cmm/m/it/10.95 f[]\OT1/cmr/m/n/10.95 (\OML/cmm/m/it/10.95 B\OT1/cmr/m/n/10.95 )) =
 []

[17]
Overfull \hbox (0.91699pt too wide) in paragraph at lines 928--929
[][]\OT1/cmr/m/it/10.95 Ce med to-po-lo-gi-jama $\OT1/cmr/m/n/10.95 (\OML/cmm/m/it/10.95 X; ^^\[]\OT1/cmr/m/n/10.95 )$ \OT1/cmr/m/it/10.95 in $\OT1/cmr/m/n/10.95 (\OML/cmm/m/it/10.95 Y; ^^\[]\OT1/cmr/m/n/10.95 )$ \OT1/cmr/m/it/10.95 ob-staja ho-me-o-mor-fi-zem, pra-vimo,
 []

[18] [19]
Overfull \hbox (0.39604pt too wide) in paragraph at lines 1021--1022
\OT1/cmr/bx/n/10.95 Definicija 2.3.1. \OT1/cmr/m/it/10.95 Naj bo $\OML/cmm/m/it/10.95 X; ^^\[]$ \OT1/cmr/m/it/10.95 to-polo^^Tski pro-stor. \OT1/cmr/bx/it/10.95 Od-prto po-kri-tje \OT1/cmr/m/it/10.95 mno^^Tzice
 []


Overfull \hbox (0.38509pt too wide) in paragraph at lines 1034--1035
\OT1/cmr/bx/n/10.95 Definicija 2.3.4. \OT1/cmr/m/it/10.95 Pro-stor $\OML/cmm/m/it/10.95 X$ \OT1/cmr/m/it/10.95 je \OT1/cmr/bx/it/10.95 kom-pak-tnem\OT1/cmr/m/it/10.95 , ^^Tce v vsa-kem od-pr-tem po-kri-tju
 []


Overfull \hbox (1.53217pt too wide) in paragraph at lines 1044--1045
\OT1/cmr/bx/n/10.95 Trditev 2.3.6. \OT1/cmr/m/it/10.95 V me-tri^^Tcnem pro-storu je vsaka kom-pak-tna mno^^Tzica ome-jena. 
 []

[20]
Overfull \hbox (11.28407pt too wide) in paragraph at lines 1092--1093
[]\OT1/cmr/m/n/10.95 Ker je $\OML/cmm/m/it/10.95 X$ \OT1/cmr/m/n/10.95 kom-pak-tna, lahko v $\U/rsfs/m/n/10.95 U$ \OT1/cmr/m/n/10.95 naj-demo kon^^Tcno pod-po-kri-tje $\OML/cmm/m/it/10.95 U[]; ::; U[]; X \OMS/cmsy/m/n/10.95 ^^@
 []


Overfull \hbox (11.65884pt too wide) in paragraph at lines 1111--1112
[]\OT1/cmr/m/n/10.95 Ker je $\OML/cmm/m/it/10.95 A$ \OT1/cmr/m/n/10.95 tudi za-prta in je pod-mno^^Tzica kom-pak-tne mno^^Tzice, je $\OML/cmm/m/it/10.95 A$ \OT1/cmr/m/n/10.95 kom-pak-tna.
 []


Overfull \hbox (12.69351pt too wide) in paragraph at lines 1116--1117
\OT1/cmr/bx/n/10.95 Izrek 2.3.13. \OT1/cmr/m/it/10.95 V kom-pak-tnem pro-storu ima vsaka ne-skon^^Tcna mno^^Tzica ste-kali^^Ts^^Tce
 []

[21]
Overfull \hbox (36.80922pt too wide) in paragraph at lines 1147--1148
[]$\OML/cmm/m/it/10.95 f\OT1/cmr/m/n/10.95 (\OML/cmm/m/it/10.95 X\OT1/cmr/m/n/10.95 )$ je kom-pak-tna, to-rej je ome-jena in za-prta. To-rej ob-staja $\OML/cmm/m/it/10.95 inf\OMS/cmsy/m/n/10.95 f \OML/cmm/m/it/10.95 f\OT1/cmr/m/n/10.95 (\OML/cmm/m/it/10.95 x\OT1/cmr/m/n/10.95 ) \OMS/cmsy/m/n/10.95 j \OML/cmm/m/it/10.95 x \OMS/cmsy/m/n/10.95 2
 []


Overfull \hbox (4.64832pt too wide) in paragraph at lines 1159--1160
\OT1/cmr/m/it/10.95 za-pr-tih pod-mno^^Tzic, ki ima pra-zen pre-sek, ob-staja kon^^Tcna pod-dru^^Tzina s pra-znim
 []

[22] [23]
Overfull \hbox (32.27559pt too wide) detected at line 1266
[][] \OML/cmm/m/it/10.95 f\OT1/cmr/m/n/10.95 (\OML/cmm/m/it/10.95 x\OT1/cmr/m/n/10.95 )\OML/cmm/m/it/10.95 sin\OT1/cmr/m/n/10.95 (\OML/cmm/m/it/10.95 kx\OT1/cmr/m/n/10.95 )\OML/cmm/m/it/10.95 dx \OT1/cmr/m/n/10.95 = \OML/cmm/m/it/10.95 a[] [][] sin\OT1/cmr/m/n/10.95 (\OML/cmm/m/it/10.95 x\OT1/cmr/m/n/10.95 )\OML/cmm/m/it/10.95 sin\OT1/cmr/m/n/10.95 (\OML/cmm/m/it/10.95 kx\OT1/cmr/m/n/10.95 )\OML/cmm/m/it/10.95 dx \OT1/cmr/m/n/10.95 + \OML/cmm/m/it/10.95 ::: \OT1/cmr/m/n/10.95 + \OML/cmm/m/it/10.95 a[] [][] sin\OT1/cmr/m/n/10.95 (\OML/cmm/m/it/10.95 nx\OT1/cmr/m/n/10.95 )\OML/cmm/m/it/10.95 sin\OT1/cmr/m/n/10.95 (\OML/cmm/m/it/10.95 kx\OT1/cmr/m/n/10.95 )\OML/cmm/m/it/10.95 dx \OT1/cmr/m/n/10.95 = \OML/cmm/m/it/10.95 a[]^^Y
 []

[24]
Overfull \hbox (12.72023pt too wide) in paragraph at lines 1299--1300
[]\OT1/cmr/m/n/10.95 Funkcije $\OML/cmm/m/it/10.95 cos\OT1/cmr/m/n/10.95 (\OML/cmm/m/it/10.95 kx\OT1/cmr/m/n/10.95 )$ in $\OML/cmm/m/it/10.95 sin\OT1/cmr/m/n/10.95 (\OML/cmm/m/it/10.95 kx\OT1/cmr/m/n/10.95 )$ so ab-so-lu-tno ome-jene z 1, zato je za kon-ver-genco
 []

[25] [26] [27] [28] (d:/Documents and projects/Latex/IPM/ipm.aux) ) 
Here is how much of TeX's memory you used:
 5222 strings out of 480478
 78698 string characters out of 5903486
 341986 words of memory out of 5000000
 21192 multiletter control sequences out of 15000+600000
 541755 words of font info for 60 fonts, out of 8000000 for 9000
 1141 hyphenation exceptions out of 8191
 38i,14n,43p,622b,296s stack positions out of 5000i,500n,10000p,200000b,80000s
{c:/texlive/2020/texmf-dist/fonts/enc/dvips/cm-super/cm-super-ts1.enc}<c:/texlive/2020/texmf-dist/fonts/type1/public/amsfonts/cm/cmbx10.pfb><c:/texlive/2020/texmf-dist/fonts/type1/public/amsfonts/cm/cmbx12.pfb><c:/texlive/2020/texmf-dist/fonts/type1/public/amsfonts/cm/cmbxti10.pfb><c:/texlive/2020/texmf-dist/fonts/type1/public/amsfonts/cm/cmex10.pfb><c:/texlive/2020/texmf-dist/fonts/type1/public/amsfonts/cm/cmmi10.pfb><c:/texlive/2020/texmf-dist/fonts/type1/public/amsfonts/cm/cmmi6.pfb><c:/texlive/2020/texmf-dist/fonts/type1/public/amsfonts/cm/cmmi8.pfb><c:/texlive/2020/texmf-dist/fonts/type1/public/amsfonts/cm/cmr10.pfb><c:/texlive/2020/texmf-dist/fonts/type1/public/amsfonts/cm/cmr12.pfb><c:/texlive/2020/texmf-dist/fonts/type1/public/amsfonts/cm/cmr17.pfb><c:/texlive/2020/texmf-dist/fonts/type1/public/amsfonts/cm/cmr6.pfb><c:/texlive/2020/texmf-dist/fonts/type1/public/amsfonts/cm/cmr8.pfb><c:/texlive/2020/texmf-dist/fonts/type1/public/amsfonts/cm/cmsy10.pfb><c:/texlive/2020/texmf-dist/fonts/type1/public/amsfonts/cm/cmsy8.pfb><c:/texlive/2020/texmf-dist/fonts/type1/public/amsfonts/cm/cmti10.pfb><c:/texlive/2020/texmf-dist/fonts/type1/public/amsfonts/symbols/msam10.pfb><c:/texlive/2020/texmf-dist/fonts/type1/public/amsfonts/symbols/msbm10.pfb><c:/texlive/2020/texmf-dist/fonts/type1/public/rsfs/rsfs10.pfb><c:/texlive/2020/texmf-dist/fonts/type1/public/cm-super/sfrm1095.pfb>
Output written on "d:/Documents and projects/Latex/IPM/ipm.pdf" (28 pages, 301459 bytes).
PDF statistics:
 172 PDF objects out of 1000 (max. 8388607)
 121 compressed objects within 2 object streams
 0 named destinations out of 1000 (max. 500000)
 1 words of extra memory for PDF output out of 10000 (max. 10000000)

